\BOOKMARK [1][-]{section.1}{Tableau de Contenu}{}% 1
\BOOKMARK [1][-]{section.2}{Manuel d'utilisation}{}% 2
\BOOKMARK [2][-]{subsection.2.1}{Lancement du programme}{section.2}% 3
\BOOKMARK [2][-]{subsection.2.2}{Utilisation}{section.2}% 4
\BOOKMARK [3][-]{subsubsection.2.2.1}{Simuler une bataille}{subsection.2.2}% 5
\BOOKMARK [3][-]{subsubsection.2.2.2}{Optimiser une arm\351e}{subsection.2.2}% 6
\BOOKMARK [1][-]{section.3}{Organisation}{}% 7
\BOOKMARK [2][-]{subsection.3.1}{R\351partition des t\342ches}{section.3}% 8
\BOOKMARK [2][-]{subsection.3.2}{Ecriture des fichiers}{section.3}% 9
\BOOKMARK [2][-]{subsection.3.3}{Contact}{section.3}% 10
\BOOKMARK [1][-]{section.4}{Objectifs du projet}{}% 11
\BOOKMARK [2][-]{subsection.4.1}{Description du concept}{section.4}% 12
\BOOKMARK [2][-]{subsection.4.2}{Les \351l\351ments existants}{section.4}% 13
\BOOKMARK [2][-]{subsection.4.3}{Les \351l\351ments \340 d\351velopper}{section.4}% 14
\BOOKMARK [1][-]{section.5}{Fonctionnalit\351s impl\351ment\351es}{}% 15
\BOOKMARK [2][-]{subsection.5.1}{Description des fonctionnalit\351s}{section.5}% 16
\BOOKMARK [2][-]{subsection.5.2}{Organisation du projet}{section.5}% 17
\BOOKMARK [1][-]{section.6}{Elements techniques}{}% 18
\BOOKMARK [2][-]{subsection.6.1}{Algorithmes}{section.6}% 19
\BOOKMARK [3][-]{subsubsection.6.1.1}{G\351n\351ration du plateau de jeu}{subsection.6.1}% 20
\BOOKMARK [3][-]{subsubsection.6.1.2}{Arbre de d\351cision des unit\351s}{subsection.6.1}% 21
\BOOKMARK [3][-]{subsubsection.6.1.3}{Boucle de jeu}{subsection.6.1}% 22
\BOOKMARK [3][-]{subsubsection.6.1.4}{Optimisation d'arm\351e}{subsection.6.1}% 23
\BOOKMARK [2][-]{subsection.6.2}{Structures de donn\351es}{section.6}% 24
\BOOKMARK [3][-]{subsubsection.6.2.1}{Les arm\351es}{subsection.6.2}% 25
\BOOKMARK [3][-]{subsubsection.6.2.2}{Les unit\351s}{subsection.6.2}% 26
\BOOKMARK [3][-]{subsubsection.6.2.3}{Le syst\350me de jeu}{subsection.6.2}% 27
\BOOKMARK [2][-]{subsection.6.3}{Biblioth\350ques}{section.6}% 28
\BOOKMARK [3][-]{subsubsection.6.3.1}{PyGame}{subsection.6.3}% 29
\BOOKMARK [1][-]{section.7}{Architecture du projet}{}% 30
\BOOKMARK [2][-]{subsubsection.7.0.1}{Fichiers du projet}{section.7}% 31
\BOOKMARK [3][-]{subsubsection.7.0.2}{Aborescence du fichier}{subsubsection.7.0.1}% 32
\BOOKMARK [1][-]{section.8}{Conclusion}{}% 33
